Release 13.2 Map O.61xd (nt64)
Xilinx Mapping Report File for Design 'ee201l_detour_top'

Design Information
------------------
Command Line   : map -intstyle ise -p xc6slx16-csg324-3 -w -logic_opt off -ol
high -t 1 -xt 0 -register_duplication off -r 4 -global_opt off -mt off -ir off
-pr off -lc off -power off -o ee201l_detour_top_map.ncd ee201l_detour_top.ngd
ee201l_detour_top.pcf 
Target Device  : xc6slx16
Target Package : csg324
Target Speed   : -3
Mapper Version : spartan6 -- $Revision: 1.55 $
Mapped Date    : Fri Jan 31 15:35:20 2014

Design Summary
--------------
Number of errors:      0
Number of warnings:    0
Slice Logic Utilization:
  Number of Slice Registers:                    33 out of  18,224    1%
    Number used as Flip Flops:                  33
    Number used as Latches:                      0
    Number used as Latch-thrus:                  0
    Number used as AND/OR logics:                0
  Number of Slice LUTs:                         58 out of   9,112    1%
    Number used as logic:                       55 out of   9,112    1%
      Number using O6 output only:              30
      Number using O5 output only:              20
      Number using O5 and O6:                    5
      Number used as ROM:                        0
    Number used as Memory:                       0 out of   2,176    0%
    Number used exclusively as route-thrus:      3
      Number with same-slice register load:      0
      Number with same-slice carry load:         3
      Number with other load:                    0

Slice Logic Distribution:
  Number of occupied Slices:                    23 out of   2,278    1%
  Number of LUT Flip Flop pairs used:           62
    Number with an unused Flip Flop:            29 out of      62   46%
    Number with an unused LUT:                   4 out of      62    6%
    Number of fully used LUT-FF pairs:          29 out of      62   46%
    Number of unique control sets:               4
    Number of slice register sites lost
      to control set restrictions:               7 out of  18,224    1%

  A LUT Flip Flop pair for this architecture represents one LUT paired with
  one Flip Flop within a slice.  A control set is a unique combination of
  clock, reset, set, and enable signals for a registered element.
  The Slice Logic Distribution report is not meaningful if the design is
  over-mapped for a non-slice resource or if Placement fails.

IO Utilization:
  Number of bonded IOBs:                        28 out of     232   12%
    Number of LOCed IOBs:                       28 out of      28  100%

Specific Feature Utilization:
  Number of RAMB16BWERs:                         0 out of      32    0%
  Number of RAMB8BWERs:                          0 out of      64    0%
  Number of BUFIO2/BUFIO2_2CLKs:                 0 out of      32    0%
  Number of BUFIO2FB/BUFIO2FB_2CLKs:             0 out of      32    0%
  Number of BUFG/BUFGMUXs:                       1 out of      16    6%
    Number used as BUFGs:                        1
    Number used as BUFGMUX:                      0
  Number of DCM/DCM_CLKGENs:                     0 out of       4    0%
  Number of ILOGIC2/ISERDES2s:                   0 out of     248    0%
  Number of IODELAY2/IODRP2/IODRP2_MCBs:         0 out of     248    0%
  Number of OLOGIC2/OSERDES2s:                   0 out of     248    0%
  Number of BSCANs:                              0 out of       4    0%
  Number of BUFHs:                               0 out of     128    0%
  Number of BUFPLLs:                             0 out of       8    0%
  Number of BUFPLL_MCBs:                         0 out of       4    0%
  Number of DSP48A1s:                            0 out of      32    0%
  Number of ICAPs:                               0 out of       1    0%
  Number of MCBs:                                0 out of       2    0%
  Number of PCILOGICSEs:                         0 out of       2    0%
  Number of PLL_ADVs:                            0 out of       2    0%
  Number of PMVs:                                0 out of       1    0%
  Number of STARTUPs:                            0 out of       1    0%
  Number of SUSPEND_SYNCs:                       0 out of       1    0%

Average Fanout of Non-Clock Nets:                3.11

Peak Memory Usage:  345 MB
Total REAL time to MAP completion:  5 secs 
Total CPU time to MAP completion:   5 secs 

Table of Contents
-----------------
Section 1 - Errors
Section 2 - Warnings
Section 3 - Informational
Section 4 - Removed Logic Summary
Section 5 - Removed Logic
Section 6 - IOB Properties
Section 7 - RPMs
Section 8 - Guide Report
Section 9 - Area Group and Partition Summary
Section 10 - Timing Report
Section 11 - Configuration String Information
Section 12 - Control Set Information
Section 13 - Utilization by Hierarchy

Section 1 - Errors
------------------

Section 2 - Warnings
--------------------

Section 3 - Informational
-------------------------
INFO:MapLib:562 - No environment variables are currently set.
INFO:LIT:244 - All of the single ended outputs in this design are using slew
   rate limited output drivers. The delay on speed critical single ended outputs
   can be dramatically reduced by designating them as fast outputs.
INFO:Pack:1716 - Initializing temperature to 85.000 Celsius. (default - Range:
   0.000 to 85.000 Celsius)
INFO:Pack:1720 - Initializing voltage to 1.140 Volts. (default - Range: 1.140 to
   1.260 Volts)
INFO:Map:215 - The Interim Design Summary has been generated in the MAP Report
   (.mrp).
INFO:Pack:1650 - Map created a placed design.

Section 4 - Removed Logic Summary
---------------------------------
   2 block(s) removed
  49 block(s) optimized away
   1 signal(s) removed

Section 5 - Removed Logic
-------------------------

The trimmed logic report below shows the logic removed from your design due to
sourceless or loadless signals, and VCC or ground connections.  If the removal
of a signal or symbol results in the subsequent removal of an additional signal
or symbol, the message explaining that second removal will be indented.  This
indentation will be repeated as a chain of related logic is removed.

To quickly locate the original cause for the removal of a chain of logic, look
above the place where that logic is listed in the trimming report, then locate
the lines that are least indented (begin at the leftmost edge).

Loadless block "XLXI_111" (BUF) removed.
 The signal "I" is loadless and has been removed.
  Loadless block "UUT/XLXI_59" (BUF) removed.

Optimized Block(s):
TYPE 		BLOCK
GND 		XLXI_1/XST_GND
VCC 		XLXI_1/XST_VCC
BUF 		XLXI_118
BUF 		XLXI_120
BUF 		XLXI_121
BUF 		XLXI_122
BUF 		XLXI_123
BUF 		XLXI_124
BUF 		XLXI_125
BUF 		XLXI_126
BUF 		XLXI_127
GND 		XLXI_185/XST_GND
VCC 		XLXI_185/XST_VCC
GND 		XLXI_2/XST_GND
VCC 		XLXI_2/XST_VCC
BUF 		XLXI_301
BUF 		XLXI_302
BUF 		XLXI_303
BUF 		XLXI_304
BUF 		XLXI_305
BUF 		XLXI_306
BUF 		XLXI_307
BUF 		XLXI_325
BUF 		XLXI_326
GND 		XLXI_328
LUT3 		XLXI_414/XLXI_10/Mmux_O11
LUT3 		XLXI_414/XLXI_15/Mmux_O11
LUT3 		XLXI_414/XLXI_5/Mmux_O11
LUT3 		XLXI_436/XLXI_19/O_SW0
LUT3 		XLXI_436/XLXI_20/O_SW0
LUT6 		XLXI_436/XLXI_21/O
LUT3 		XLXI_436/XLXI_21/O_SW0
LUT3 		XLXI_436/XLXI_9/O_SW0
BUF 		XLXI_459
BUF 		XLXI_460
BUF 		XLXI_461
BUF 		XLXI_462
BUF 		XLXI_463
BUF 		XLXI_464
BUF 		XLXI_465
BUF 		XLXI_466
VCC 		XLXI_468
BUF 		XLXI_79
BUF 		XLXI_80
BUF 		XLXI_81
BUF 		XLXI_82
BUF 		XLXI_83
BUF 		XLXI_84
BUF 		XLXI_85

To enable printing of redundant blocks removed and signals merged, set the
detailed map report option and rerun map.

Section 6 - IOB Properties
--------------------------

+---------------------------------------------------------------------------------------------------------------------------------------------------------+
| IOB Name                           | Type             | Direction | IO Standard          | Diff  | Drive    | Slew | Reg (s)      | Resistor | IOB      |
|                                    |                  |           |                      | Term  | Strength | Rate |              |          | Delay    |
+---------------------------------------------------------------------------------------------------------------------------------------------------------+
| An0                                | IOB              | OUTPUT    | LVCMOS33             |       | 12       | SLOW |              |          |          |
| An1                                | IOB              | OUTPUT    | LVCMOS33             |       | 12       | SLOW |              |          |          |
| An2                                | IOB              | OUTPUT    | LVCMOS33             |       | 12       | SLOW |              |          |          |
| An3                                | IOB              | OUTPUT    | LVCMOS33             |       | 12       | SLOW |              |          |          |
| BtnC                               | IOB              | INPUT     | LVCMOS33             |       |          |      |              |          |          |
| CLKPORT                            | IOB              | INPUT     | LVCMOS33             |       |          |      |              |          |          |
| Ca                                 | IOB              | OUTPUT    | LVCMOS33             |       | 12       | SLOW |              |          |          |
| Cb                                 | IOB              | OUTPUT    | LVCMOS33             |       | 12       | SLOW |              |          |          |
| Cc                                 | IOB              | OUTPUT    | LVCMOS33             |       | 12       | SLOW |              |          |          |
| Cd                                 | IOB              | OUTPUT    | LVCMOS33             |       | 12       | SLOW |              |          |          |
| Ce                                 | IOB              | OUTPUT    | LVCMOS33             |       | 12       | SLOW |              |          |          |
| Cf                                 | IOB              | OUTPUT    | LVCMOS33             |       | 12       | SLOW |              |          |          |
| Cg                                 | IOB              | OUTPUT    | LVCMOS33             |       | 12       | SLOW |              |          |          |
| Dp                                 | IOB              | OUTPUT    | LVCMOS33             |       | 12       | SLOW |              |          |          |
| FlashCS                            | IOB              | OUTPUT    | LVCMOS33             |       | 12       | SLOW |              |          |          |
| LD0                                | IOB              | OUTPUT    | LVCMOS33             |       | 12       | SLOW |              |          |          |
| LD1                                | IOB              | OUTPUT    | LVCMOS33             |       | 12       | SLOW |              |          |          |
| LD2                                | IOB              | OUTPUT    | LVCMOS33             |       | 12       | SLOW |              |          |          |
| LD3                                | IOB              | OUTPUT    | LVCMOS33             |       | 12       | SLOW |              |          |          |
| LD4                                | IOB              | OUTPUT    | LVCMOS33             |       | 12       | SLOW |              |          |          |
| LD5                                | IOB              | OUTPUT    | LVCMOS33             |       | 12       | SLOW |              |          |          |
| LD6                                | IOB              | OUTPUT    | LVCMOS33             |       | 12       | SLOW |              |          |          |
| LD7                                | IOB              | OUTPUT    | LVCMOS33             |       | 12       | SLOW |              |          |          |
| MemOE                              | IOB              | OUTPUT    | LVCMOS33             |       | 12       | SLOW |              |          |          |
| MemWR                              | IOB              | OUTPUT    | LVCMOS33             |       | 12       | SLOW |              |          |          |
| QuadSpiFlashCS                     | IOB              | OUTPUT    | LVCMOS33             |       | 12       | SLOW |              |          |          |
| RamCS                              | IOB              | OUTPUT    | LVCMOS33             |       | 12       | SLOW |              |          |          |
| SW0                                | IOB              | INPUT     | LVCMOS33             |       |          |      |              |          |          |
+---------------------------------------------------------------------------------------------------------------------------------------------------------+

Section 7 - RPMs
----------------

Section 8 - Guide Report
------------------------
Guide not run on this design.

Section 9 - Area Group and Partition Summary
--------------------------------------------

Partition Implementation Status
-------------------------------

  No Partitions were found in this design.

-------------------------------

Area Group Information
----------------------

  No area groups were found in this design.

----------------------

Section 10 - Timing Report
--------------------------
A logic-level (pre-route) timing report can be generated by using Xilinx static
timing analysis tools, Timing Analyzer (GUI) or TRCE (command line), with the
mapped NCD and PCF files. Please note that this timing report will be generated
using estimated delay information. For accurate numbers, please generate a
timing report with the post Place and Route NCD file.

For more information about the Timing Analyzer, consult the Xilinx Timing
Analyzer Reference Manual; for more information about TRCE, consult the Xilinx
Command Line Tools User Guide "TRACE" chapter.

Section 11 - Configuration String Details
-----------------------------------------
Use the "-detail" map option to print out Configuration Strings

Section 12 - Control Set Information
------------------------------------
Use the "-detail" map option to print out Control Set Information.

Section 13 - Utilization by Hierarchy
-------------------------------------
Use the "-detail" map option to print out the Utilization by Hierarchy section.
