--------------------------------------------------------------------------------
Release 13.2 Trace  (nt64)
Copyright (c) 1995-2011 Xilinx, Inc.  All rights reserved.

C:\Xilinx\13.2\ISE_DS\ISE\bin\nt64\unwrapped\trce.exe -intstyle ise -v 3 -s 3
-n 3 -fastpaths -xml ee201l_number_lock_top.twx ee201l_number_lock_top.ncd -o
ee201l_number_lock_top.twr ee201l_number_lock_top.pcf -ucf
ee201l_number_lock_top.ucf

Design file:              ee201l_number_lock_top.ncd
Physical constraint file: ee201l_number_lock_top.pcf
Device,package,speed:     xc6slx16,csg324,C,-3 (PRODUCTION 1.19 2011-06-20)
Report level:             verbose report

Environment Variable      Effect 
--------------------      ------ 
NONE                      No environment variables were set
--------------------------------------------------------------------------------

INFO:Timing:2752 - To get complete path coverage, use the unconstrained paths 
   option. All paths that are not constrained will be reported in the 
   unconstrained paths section(s) of the report.
INFO:Timing:3339 - The clock-to-out numbers in this timing report are based on 
   a 50 Ohm transmission line loading model.  For the details of this model, 
   and for more information on accounting for different loading conditions, 
   please see the device datasheet.

================================================================================
Timing constraint: TS_sys_clk_pin = PERIOD TIMEGRP "sys_clk_pin" 100 MHz HIGH 
50%;

 351 paths analyzed, 85 endpoints analyzed, 0 failing endpoints
 0 timing errors detected. (0 setup errors, 0 hold errors, 0 component switching limit errors)
 Minimum period is   1.950ns.
--------------------------------------------------------------------------------

Paths for end point XLXI_139/div_clk_25 (SLICE_X26Y30.CIN), 24 paths
--------------------------------------------------------------------------------
Slack (setup path):     8.050ns (requirement - (data path - clock path skew + uncertainty))
  Source:               XLXI_139/div_clk_0 (FF)
  Destination:          XLXI_139/div_clk_25 (FF)
  Requirement:          10.000ns
  Data Path Delay:      1.918ns (Levels of Logic = 7)
  Clock Path Skew:      0.003ns (0.154 - 0.151)
  Source Clock:         XLXN_198 rising at 0.000ns
  Destination Clock:    XLXN_198 rising at 10.000ns
  Clock Uncertainty:    0.035ns

  Clock Uncertainty:          0.035ns  ((TSJ^2 + TIJ^2)^1/2 + DJ) / 2 + PE
    Total System Jitter (TSJ):  0.070ns
    Total Input Jitter (TIJ):   0.000ns
    Discrete Jitter (DJ):       0.000ns
    Phase Error (PE):           0.000ns

  Maximum Data Path at Slow Process Corner: XLXI_139/div_clk_0 to XLXI_139/div_clk_25
    Location             Delay type         Delay(ns)  Physical Resource
                                                       Logical Resource(s)
    -------------------------------------------------  -------------------
    SLICE_X26Y24.AQ      Tcko                  0.447   XLXI_139/div_clk<3>
                                                       XLXI_139/div_clk_0
    SLICE_X26Y24.A5      net (fanout=1)        0.390   XLXI_139/div_clk<0>
    SLICE_X26Y24.COUT    Topcya                0.379   XLXI_139/div_clk<3>
                                                       XLXI_139/Mcount_div_clk_lut<0>_INV_0
                                                       XLXI_139/Mcount_div_clk_cy<3>
    SLICE_X26Y25.CIN     net (fanout=1)        0.003   XLXI_139/Mcount_div_clk_cy<3>
    SLICE_X26Y25.COUT    Tbyp                  0.076   XLXI_139/div_clk<7>
                                                       XLXI_139/Mcount_div_clk_cy<7>
    SLICE_X26Y26.CIN     net (fanout=1)        0.003   XLXI_139/Mcount_div_clk_cy<7>
    SLICE_X26Y26.COUT    Tbyp                  0.076   XLXI_139/div_clk<11>
                                                       XLXI_139/Mcount_div_clk_cy<11>
    SLICE_X26Y27.CIN     net (fanout=1)        0.003   XLXI_139/Mcount_div_clk_cy<11>
    SLICE_X26Y27.COUT    Tbyp                  0.076   XLXI_139/div_clk<15>
                                                       XLXI_139/Mcount_div_clk_cy<15>
    SLICE_X26Y28.CIN     net (fanout=1)        0.003   XLXI_139/Mcount_div_clk_cy<15>
    SLICE_X26Y28.COUT    Tbyp                  0.076   XLXI_139/div_clk<19>
                                                       XLXI_139/Mcount_div_clk_cy<19>
    SLICE_X26Y29.CIN     net (fanout=1)        0.003   XLXI_139/Mcount_div_clk_cy<19>
    SLICE_X26Y29.COUT    Tbyp                  0.076   XLXI_139/div_clk<23>
                                                       XLXI_139/Mcount_div_clk_cy<23>
    SLICE_X26Y30.CIN     net (fanout=1)        0.003   XLXI_139/Mcount_div_clk_cy<23>
    SLICE_X26Y30.CLK     Tcinck                0.304   XLXI_139/div_clk<25>
                                                       XLXI_139/Mcount_div_clk_xor<25>
                                                       XLXI_139/div_clk_25
    -------------------------------------------------  ---------------------------
    Total                                      1.918ns (1.510ns logic, 0.408ns route)
                                                       (78.7% logic, 21.3% route)

--------------------------------------------------------------------------------
Slack (setup path):     8.127ns (requirement - (data path - clock path skew + uncertainty))
  Source:               XLXI_139/div_clk_4 (FF)
  Destination:          XLXI_139/div_clk_25 (FF)
  Requirement:          10.000ns
  Data Path Delay:      1.839ns (Levels of Logic = 6)
  Clock Path Skew:      0.001ns (0.154 - 0.153)
  Source Clock:         XLXN_198 rising at 0.000ns
  Destination Clock:    XLXN_198 rising at 10.000ns
  Clock Uncertainty:    0.035ns

  Clock Uncertainty:          0.035ns  ((TSJ^2 + TIJ^2)^1/2 + DJ) / 2 + PE
    Total System Jitter (TSJ):  0.070ns
    Total Input Jitter (TIJ):   0.000ns
    Discrete Jitter (DJ):       0.000ns
    Phase Error (PE):           0.000ns

  Maximum Data Path at Slow Process Corner: XLXI_139/div_clk_4 to XLXI_139/div_clk_25
    Location             Delay type         Delay(ns)  Physical Resource
                                                       Logical Resource(s)
    -------------------------------------------------  -------------------
    SLICE_X26Y25.AQ      Tcko                  0.447   XLXI_139/div_clk<7>
                                                       XLXI_139/div_clk_4
    SLICE_X26Y25.A5      net (fanout=1)        0.390   XLXI_139/div_clk<4>
    SLICE_X26Y25.COUT    Topcya                0.379   XLXI_139/div_clk<7>
                                                       XLXI_139/div_clk<4>_rt
                                                       XLXI_139/Mcount_div_clk_cy<7>
    SLICE_X26Y26.CIN     net (fanout=1)        0.003   XLXI_139/Mcount_div_clk_cy<7>
    SLICE_X26Y26.COUT    Tbyp                  0.076   XLXI_139/div_clk<11>
                                                       XLXI_139/Mcount_div_clk_cy<11>
    SLICE_X26Y27.CIN     net (fanout=1)        0.003   XLXI_139/Mcount_div_clk_cy<11>
    SLICE_X26Y27.COUT    Tbyp                  0.076   XLXI_139/div_clk<15>
                                                       XLXI_139/Mcount_div_clk_cy<15>
    SLICE_X26Y28.CIN     net (fanout=1)        0.003   XLXI_139/Mcount_div_clk_cy<15>
    SLICE_X26Y28.COUT    Tbyp                  0.076   XLXI_139/div_clk<19>
                                                       XLXI_139/Mcount_div_clk_cy<19>
    SLICE_X26Y29.CIN     net (fanout=1)        0.003   XLXI_139/Mcount_div_clk_cy<19>
    SLICE_X26Y29.COUT    Tbyp                  0.076   XLXI_139/div_clk<23>
                                                       XLXI_139/Mcount_div_clk_cy<23>
    SLICE_X26Y30.CIN     net (fanout=1)        0.003   XLXI_139/Mcount_div_clk_cy<23>
    SLICE_X26Y30.CLK     Tcinck                0.304   XLXI_139/div_clk<25>
                                                       XLXI_139/Mcount_div_clk_xor<25>
                                                       XLXI_139/div_clk_25
    -------------------------------------------------  ---------------------------
    Total                                      1.839ns (1.434ns logic, 0.405ns route)
                                                       (78.0% logic, 22.0% route)

--------------------------------------------------------------------------------
Slack (setup path):     8.195ns (requirement - (data path - clock path skew + uncertainty))
  Source:               XLXI_139/div_clk_3 (FF)
  Destination:          XLXI_139/div_clk_25 (FF)
  Requirement:          10.000ns
  Data Path Delay:      1.773ns (Levels of Logic = 7)
  Clock Path Skew:      0.003ns (0.154 - 0.151)
  Source Clock:         XLXN_198 rising at 0.000ns
  Destination Clock:    XLXN_198 rising at 10.000ns
  Clock Uncertainty:    0.035ns

  Clock Uncertainty:          0.035ns  ((TSJ^2 + TIJ^2)^1/2 + DJ) / 2 + PE
    Total System Jitter (TSJ):  0.070ns
    Total Input Jitter (TIJ):   0.000ns
    Discrete Jitter (DJ):       0.000ns
    Phase Error (PE):           0.000ns

  Maximum Data Path at Slow Process Corner: XLXI_139/div_clk_3 to XLXI_139/div_clk_25
    Location             Delay type         Delay(ns)  Physical Resource
                                                       Logical Resource(s)
    -------------------------------------------------  -------------------
    SLICE_X26Y24.DQ      Tcko                  0.447   XLXI_139/div_clk<3>
                                                       XLXI_139/div_clk_3
    SLICE_X26Y24.D5      net (fanout=1)        0.363   XLXI_139/div_clk<3>
    SLICE_X26Y24.COUT    Topcyd                0.261   XLXI_139/div_clk<3>
                                                       XLXI_139/div_clk<3>_rt
                                                       XLXI_139/Mcount_div_clk_cy<3>
    SLICE_X26Y25.CIN     net (fanout=1)        0.003   XLXI_139/Mcount_div_clk_cy<3>
    SLICE_X26Y25.COUT    Tbyp                  0.076   XLXI_139/div_clk<7>
                                                       XLXI_139/Mcount_div_clk_cy<7>
    SLICE_X26Y26.CIN     net (fanout=1)        0.003   XLXI_139/Mcount_div_clk_cy<7>
    SLICE_X26Y26.COUT    Tbyp                  0.076   XLXI_139/div_clk<11>
                                                       XLXI_139/Mcount_div_clk_cy<11>
    SLICE_X26Y27.CIN     net (fanout=1)        0.003   XLXI_139/Mcount_div_clk_cy<11>
    SLICE_X26Y27.COUT    Tbyp                  0.076   XLXI_139/div_clk<15>
                                                       XLXI_139/Mcount_div_clk_cy<15>
    SLICE_X26Y28.CIN     net (fanout=1)        0.003   XLXI_139/Mcount_div_clk_cy<15>
    SLICE_X26Y28.COUT    Tbyp                  0.076   XLXI_139/div_clk<19>
                                                       XLXI_139/Mcount_div_clk_cy<19>
    SLICE_X26Y29.CIN     net (fanout=1)        0.003   XLXI_139/Mcount_div_clk_cy<19>
    SLICE_X26Y29.COUT    Tbyp                  0.076   XLXI_139/div_clk<23>
                                                       XLXI_139/Mcount_div_clk_cy<23>
    SLICE_X26Y30.CIN     net (fanout=1)        0.003   XLXI_139/Mcount_div_clk_cy<23>
    SLICE_X26Y30.CLK     Tcinck                0.304   XLXI_139/div_clk<25>
                                                       XLXI_139/Mcount_div_clk_xor<25>
                                                       XLXI_139/div_clk_25
    -------------------------------------------------  ---------------------------
    Total                                      1.773ns (1.392ns logic, 0.381ns route)
                                                       (78.5% logic, 21.5% route)

--------------------------------------------------------------------------------

Paths for end point XLXI_139/div_clk_23 (SLICE_X26Y29.CIN), 20 paths
--------------------------------------------------------------------------------
Slack (setup path):     8.118ns (requirement - (data path - clock path skew + uncertainty))
  Source:               XLXI_139/div_clk_0 (FF)
  Destination:          XLXI_139/div_clk_23 (FF)
  Requirement:          10.000ns
  Data Path Delay:      1.849ns (Levels of Logic = 6)
  Clock Path Skew:      0.002ns (0.153 - 0.151)
  Source Clock:         XLXN_198 rising at 0.000ns
  Destination Clock:    XLXN_198 rising at 10.000ns
  Clock Uncertainty:    0.035ns

  Clock Uncertainty:          0.035ns  ((TSJ^2 + TIJ^2)^1/2 + DJ) / 2 + PE
    Total System Jitter (TSJ):  0.070ns
    Total Input Jitter (TIJ):   0.000ns
    Discrete Jitter (DJ):       0.000ns
    Phase Error (PE):           0.000ns

  Maximum Data Path at Slow Process Corner: XLXI_139/div_clk_0 to XLXI_139/div_clk_23
    Location             Delay type         Delay(ns)  Physical Resource
                                                       Logical Resource(s)
    -------------------------------------------------  -------------------
    SLICE_X26Y24.AQ      Tcko                  0.447   XLXI_139/div_clk<3>
                                                       XLXI_139/div_clk_0
    SLICE_X26Y24.A5      net (fanout=1)        0.390   XLXI_139/div_clk<0>
    SLICE_X26Y24.COUT    Topcya                0.379   XLXI_139/div_clk<3>
                                                       XLXI_139/Mcount_div_clk_lut<0>_INV_0
                                                       XLXI_139/Mcount_div_clk_cy<3>
    SLICE_X26Y25.CIN     net (fanout=1)        0.003   XLXI_139/Mcount_div_clk_cy<3>
    SLICE_X26Y25.COUT    Tbyp                  0.076   XLXI_139/div_clk<7>
                                                       XLXI_139/Mcount_div_clk_cy<7>
    SLICE_X26Y26.CIN     net (fanout=1)        0.003   XLXI_139/Mcount_div_clk_cy<7>
    SLICE_X26Y26.COUT    Tbyp                  0.076   XLXI_139/div_clk<11>
                                                       XLXI_139/Mcount_div_clk_cy<11>
    SLICE_X26Y27.CIN     net (fanout=1)        0.003   XLXI_139/Mcount_div_clk_cy<11>
    SLICE_X26Y27.COUT    Tbyp                  0.076   XLXI_139/div_clk<15>
                                                       XLXI_139/Mcount_div_clk_cy<15>
    SLICE_X26Y28.CIN     net (fanout=1)        0.003   XLXI_139/Mcount_div_clk_cy<15>
    SLICE_X26Y28.COUT    Tbyp                  0.076   XLXI_139/div_clk<19>
                                                       XLXI_139/Mcount_div_clk_cy<19>
    SLICE_X26Y29.CIN     net (fanout=1)        0.003   XLXI_139/Mcount_div_clk_cy<19>
    SLICE_X26Y29.CLK     Tcinck                0.314   XLXI_139/div_clk<23>
                                                       XLXI_139/Mcount_div_clk_cy<23>
                                                       XLXI_139/div_clk_23
    -------------------------------------------------  ---------------------------
    Total                                      1.849ns (1.444ns logic, 0.405ns route)
                                                       (78.1% logic, 21.9% route)

--------------------------------------------------------------------------------
Slack (setup path):     8.195ns (requirement - (data path - clock path skew + uncertainty))
  Source:               XLXI_139/div_clk_4 (FF)
  Destination:          XLXI_139/div_clk_23 (FF)
  Requirement:          10.000ns
  Data Path Delay:      1.770ns (Levels of Logic = 5)
  Clock Path Skew:      0.000ns
  Source Clock:         XLXN_198 rising at 0.000ns
  Destination Clock:    XLXN_198 rising at 10.000ns
  Clock Uncertainty:    0.035ns

  Clock Uncertainty:          0.035ns  ((TSJ^2 + TIJ^2)^1/2 + DJ) / 2 + PE
    Total System Jitter (TSJ):  0.070ns
    Total Input Jitter (TIJ):   0.000ns
    Discrete Jitter (DJ):       0.000ns
    Phase Error (PE):           0.000ns

  Maximum Data Path at Slow Process Corner: XLXI_139/div_clk_4 to XLXI_139/div_clk_23
    Location             Delay type         Delay(ns)  Physical Resource
                                                       Logical Resource(s)
    -------------------------------------------------  -------------------
    SLICE_X26Y25.AQ      Tcko                  0.447   XLXI_139/div_clk<7>
                                                       XLXI_139/div_clk_4
    SLICE_X26Y25.A5      net (fanout=1)        0.390   XLXI_139/div_clk<4>
    SLICE_X26Y25.COUT    Topcya                0.379   XLXI_139/div_clk<7>
                                                       XLXI_139/div_clk<4>_rt
                                                       XLXI_139/Mcount_div_clk_cy<7>
    SLICE_X26Y26.CIN     net (fanout=1)        0.003   XLXI_139/Mcount_div_clk_cy<7>
    SLICE_X26Y26.COUT    Tbyp                  0.076   XLXI_139/div_clk<11>
                                                       XLXI_139/Mcount_div_clk_cy<11>
    SLICE_X26Y27.CIN     net (fanout=1)        0.003   XLXI_139/Mcount_div_clk_cy<11>
    SLICE_X26Y27.COUT    Tbyp                  0.076   XLXI_139/div_clk<15>
                                                       XLXI_139/Mcount_div_clk_cy<15>
    SLICE_X26Y28.CIN     net (fanout=1)        0.003   XLXI_139/Mcount_div_clk_cy<15>
    SLICE_X26Y28.COUT    Tbyp                  0.076   XLXI_139/div_clk<19>
                                                       XLXI_139/Mcount_div_clk_cy<19>
    SLICE_X26Y29.CIN     net (fanout=1)        0.003   XLXI_139/Mcount_div_clk_cy<19>
    SLICE_X26Y29.CLK     Tcinck                0.314   XLXI_139/div_clk<23>
                                                       XLXI_139/Mcount_div_clk_cy<23>
                                                       XLXI_139/div_clk_23
    -------------------------------------------------  ---------------------------
    Total                                      1.770ns (1.368ns logic, 0.402ns route)
                                                       (77.3% logic, 22.7% route)

--------------------------------------------------------------------------------
Slack (setup path):     8.263ns (requirement - (data path - clock path skew + uncertainty))
  Source:               XLXI_139/div_clk_3 (FF)
  Destination:          XLXI_139/div_clk_23 (FF)
  Requirement:          10.000ns
  Data Path Delay:      1.704ns (Levels of Logic = 6)
  Clock Path Skew:      0.002ns (0.153 - 0.151)
  Source Clock:         XLXN_198 rising at 0.000ns
  Destination Clock:    XLXN_198 rising at 10.000ns
  Clock Uncertainty:    0.035ns

  Clock Uncertainty:          0.035ns  ((TSJ^2 + TIJ^2)^1/2 + DJ) / 2 + PE
    Total System Jitter (TSJ):  0.070ns
    Total Input Jitter (TIJ):   0.000ns
    Discrete Jitter (DJ):       0.000ns
    Phase Error (PE):           0.000ns

  Maximum Data Path at Slow Process Corner: XLXI_139/div_clk_3 to XLXI_139/div_clk_23
    Location             Delay type         Delay(ns)  Physical Resource
                                                       Logical Resource(s)
    -------------------------------------------------  -------------------
    SLICE_X26Y24.DQ      Tcko                  0.447   XLXI_139/div_clk<3>
                                                       XLXI_139/div_clk_3
    SLICE_X26Y24.D5      net (fanout=1)        0.363   XLXI_139/div_clk<3>
    SLICE_X26Y24.COUT    Topcyd                0.261   XLXI_139/div_clk<3>
                                                       XLXI_139/div_clk<3>_rt
                                                       XLXI_139/Mcount_div_clk_cy<3>
    SLICE_X26Y25.CIN     net (fanout=1)        0.003   XLXI_139/Mcount_div_clk_cy<3>
    SLICE_X26Y25.COUT    Tbyp                  0.076   XLXI_139/div_clk<7>
                                                       XLXI_139/Mcount_div_clk_cy<7>
    SLICE_X26Y26.CIN     net (fanout=1)        0.003   XLXI_139/Mcount_div_clk_cy<7>
    SLICE_X26Y26.COUT    Tbyp                  0.076   XLXI_139/div_clk<11>
                                                       XLXI_139/Mcount_div_clk_cy<11>
    SLICE_X26Y27.CIN     net (fanout=1)        0.003   XLXI_139/Mcount_div_clk_cy<11>
    SLICE_X26Y27.COUT    Tbyp                  0.076   XLXI_139/div_clk<15>
                                                       XLXI_139/Mcount_div_clk_cy<15>
    SLICE_X26Y28.CIN     net (fanout=1)        0.003   XLXI_139/Mcount_div_clk_cy<15>
    SLICE_X26Y28.COUT    Tbyp                  0.076   XLXI_139/div_clk<19>
                                                       XLXI_139/Mcount_div_clk_cy<19>
    SLICE_X26Y29.CIN     net (fanout=1)        0.003   XLXI_139/Mcount_div_clk_cy<19>
    SLICE_X26Y29.CLK     Tcinck                0.314   XLXI_139/div_clk<23>
                                                       XLXI_139/Mcount_div_clk_cy<23>
                                                       XLXI_139/div_clk_23
    -------------------------------------------------  ---------------------------
    Total                                      1.704ns (1.326ns logic, 0.378ns route)
                                                       (77.8% logic, 22.2% route)

--------------------------------------------------------------------------------

Paths for end point XLXI_139/div_clk_21 (SLICE_X26Y29.CIN), 20 paths
--------------------------------------------------------------------------------
Slack (setup path):     8.128ns (requirement - (data path - clock path skew + uncertainty))
  Source:               XLXI_139/div_clk_0 (FF)
  Destination:          XLXI_139/div_clk_21 (FF)
  Requirement:          10.000ns
  Data Path Delay:      1.839ns (Levels of Logic = 6)
  Clock Path Skew:      0.002ns (0.153 - 0.151)
  Source Clock:         XLXN_198 rising at 0.000ns
  Destination Clock:    XLXN_198 rising at 10.000ns
  Clock Uncertainty:    0.035ns

  Clock Uncertainty:          0.035ns  ((TSJ^2 + TIJ^2)^1/2 + DJ) / 2 + PE
    Total System Jitter (TSJ):  0.070ns
    Total Input Jitter (TIJ):   0.000ns
    Discrete Jitter (DJ):       0.000ns
    Phase Error (PE):           0.000ns

  Maximum Data Path at Slow Process Corner: XLXI_139/div_clk_0 to XLXI_139/div_clk_21
    Location             Delay type         Delay(ns)  Physical Resource
                                                       Logical Resource(s)
    -------------------------------------------------  -------------------
    SLICE_X26Y24.AQ      Tcko                  0.447   XLXI_139/div_clk<3>
                                                       XLXI_139/div_clk_0
    SLICE_X26Y24.A5      net (fanout=1)        0.390   XLXI_139/div_clk<0>
    SLICE_X26Y24.COUT    Topcya                0.379   XLXI_139/div_clk<3>
                                                       XLXI_139/Mcount_div_clk_lut<0>_INV_0
                                                       XLXI_139/Mcount_div_clk_cy<3>
    SLICE_X26Y25.CIN     net (fanout=1)        0.003   XLXI_139/Mcount_div_clk_cy<3>
    SLICE_X26Y25.COUT    Tbyp                  0.076   XLXI_139/div_clk<7>
                                                       XLXI_139/Mcount_div_clk_cy<7>
    SLICE_X26Y26.CIN     net (fanout=1)        0.003   XLXI_139/Mcount_div_clk_cy<7>
    SLICE_X26Y26.COUT    Tbyp                  0.076   XLXI_139/div_clk<11>
                                                       XLXI_139/Mcount_div_clk_cy<11>
    SLICE_X26Y27.CIN     net (fanout=1)        0.003   XLXI_139/Mcount_div_clk_cy<11>
    SLICE_X26Y27.COUT    Tbyp                  0.076   XLXI_139/div_clk<15>
                                                       XLXI_139/Mcount_div_clk_cy<15>
    SLICE_X26Y28.CIN     net (fanout=1)        0.003   XLXI_139/Mcount_div_clk_cy<15>
    SLICE_X26Y28.COUT    Tbyp                  0.076   XLXI_139/div_clk<19>
                                                       XLXI_139/Mcount_div_clk_cy<19>
    SLICE_X26Y29.CIN     net (fanout=1)        0.003   XLXI_139/Mcount_div_clk_cy<19>
    SLICE_X26Y29.CLK     Tcinck                0.304   XLXI_139/div_clk<23>
                                                       XLXI_139/Mcount_div_clk_cy<23>
                                                       XLXI_139/div_clk_21
    -------------------------------------------------  ---------------------------
    Total                                      1.839ns (1.434ns logic, 0.405ns route)
                                                       (78.0% logic, 22.0% route)

--------------------------------------------------------------------------------
Slack (setup path):     8.205ns (requirement - (data path - clock path skew + uncertainty))
  Source:               XLXI_139/div_clk_4 (FF)
  Destination:          XLXI_139/div_clk_21 (FF)
  Requirement:          10.000ns
  Data Path Delay:      1.760ns (Levels of Logic = 5)
  Clock Path Skew:      0.000ns
  Source Clock:         XLXN_198 rising at 0.000ns
  Destination Clock:    XLXN_198 rising at 10.000ns
  Clock Uncertainty:    0.035ns

  Clock Uncertainty:          0.035ns  ((TSJ^2 + TIJ^2)^1/2 + DJ) / 2 + PE
    Total System Jitter (TSJ):  0.070ns
    Total Input Jitter (TIJ):   0.000ns
    Discrete Jitter (DJ):       0.000ns
    Phase Error (PE):           0.000ns

  Maximum Data Path at Slow Process Corner: XLXI_139/div_clk_4 to XLXI_139/div_clk_21
    Location             Delay type         Delay(ns)  Physical Resource
                                                       Logical Resource(s)
    -------------------------------------------------  -------------------
    SLICE_X26Y25.AQ      Tcko                  0.447   XLXI_139/div_clk<7>
                                                       XLXI_139/div_clk_4
    SLICE_X26Y25.A5      net (fanout=1)        0.390   XLXI_139/div_clk<4>
    SLICE_X26Y25.COUT    Topcya                0.379   XLXI_139/div_clk<7>
                                                       XLXI_139/div_clk<4>_rt
                                                       XLXI_139/Mcount_div_clk_cy<7>
    SLICE_X26Y26.CIN     net (fanout=1)        0.003   XLXI_139/Mcount_div_clk_cy<7>
    SLICE_X26Y26.COUT    Tbyp                  0.076   XLXI_139/div_clk<11>
                                                       XLXI_139/Mcount_div_clk_cy<11>
    SLICE_X26Y27.CIN     net (fanout=1)        0.003   XLXI_139/Mcount_div_clk_cy<11>
    SLICE_X26Y27.COUT    Tbyp                  0.076   XLXI_139/div_clk<15>
                                                       XLXI_139/Mcount_div_clk_cy<15>
    SLICE_X26Y28.CIN     net (fanout=1)        0.003   XLXI_139/Mcount_div_clk_cy<15>
    SLICE_X26Y28.COUT    Tbyp                  0.076   XLXI_139/div_clk<19>
                                                       XLXI_139/Mcount_div_clk_cy<19>
    SLICE_X26Y29.CIN     net (fanout=1)        0.003   XLXI_139/Mcount_div_clk_cy<19>
    SLICE_X26Y29.CLK     Tcinck                0.304   XLXI_139/div_clk<23>
                                                       XLXI_139/Mcount_div_clk_cy<23>
                                                       XLXI_139/div_clk_21
    -------------------------------------------------  ---------------------------
    Total                                      1.760ns (1.358ns logic, 0.402ns route)
                                                       (77.2% logic, 22.8% route)

--------------------------------------------------------------------------------
Slack (setup path):     8.273ns (requirement - (data path - clock path skew + uncertainty))
  Source:               XLXI_139/div_clk_3 (FF)
  Destination:          XLXI_139/div_clk_21 (FF)
  Requirement:          10.000ns
  Data Path Delay:      1.694ns (Levels of Logic = 6)
  Clock Path Skew:      0.002ns (0.153 - 0.151)
  Source Clock:         XLXN_198 rising at 0.000ns
  Destination Clock:    XLXN_198 rising at 10.000ns
  Clock Uncertainty:    0.035ns

  Clock Uncertainty:          0.035ns  ((TSJ^2 + TIJ^2)^1/2 + DJ) / 2 + PE
    Total System Jitter (TSJ):  0.070ns
    Total Input Jitter (TIJ):   0.000ns
    Discrete Jitter (DJ):       0.000ns
    Phase Error (PE):           0.000ns

  Maximum Data Path at Slow Process Corner: XLXI_139/div_clk_3 to XLXI_139/div_clk_21
    Location             Delay type         Delay(ns)  Physical Resource
                                                       Logical Resource(s)
    -------------------------------------------------  -------------------
    SLICE_X26Y24.DQ      Tcko                  0.447   XLXI_139/div_clk<3>
                                                       XLXI_139/div_clk_3
    SLICE_X26Y24.D5      net (fanout=1)        0.363   XLXI_139/div_clk<3>
    SLICE_X26Y24.COUT    Topcyd                0.261   XLXI_139/div_clk<3>
                                                       XLXI_139/div_clk<3>_rt
                                                       XLXI_139/Mcount_div_clk_cy<3>
    SLICE_X26Y25.CIN     net (fanout=1)        0.003   XLXI_139/Mcount_div_clk_cy<3>
    SLICE_X26Y25.COUT    Tbyp                  0.076   XLXI_139/div_clk<7>
                                                       XLXI_139/Mcount_div_clk_cy<7>
    SLICE_X26Y26.CIN     net (fanout=1)        0.003   XLXI_139/Mcount_div_clk_cy<7>
    SLICE_X26Y26.COUT    Tbyp                  0.076   XLXI_139/div_clk<11>
                                                       XLXI_139/Mcount_div_clk_cy<11>
    SLICE_X26Y27.CIN     net (fanout=1)        0.003   XLXI_139/Mcount_div_clk_cy<11>
    SLICE_X26Y27.COUT    Tbyp                  0.076   XLXI_139/div_clk<15>
                                                       XLXI_139/Mcount_div_clk_cy<15>
    SLICE_X26Y28.CIN     net (fanout=1)        0.003   XLXI_139/Mcount_div_clk_cy<15>
    SLICE_X26Y28.COUT    Tbyp                  0.076   XLXI_139/div_clk<19>
                                                       XLXI_139/Mcount_div_clk_cy<19>
    SLICE_X26Y29.CIN     net (fanout=1)        0.003   XLXI_139/Mcount_div_clk_cy<19>
    SLICE_X26Y29.CLK     Tcinck                0.304   XLXI_139/div_clk<23>
                                                       XLXI_139/Mcount_div_clk_cy<23>
                                                       XLXI_139/div_clk_21
    -------------------------------------------------  ---------------------------
    Total                                      1.694ns (1.316ns logic, 0.378ns route)
                                                       (77.7% logic, 22.3% route)

--------------------------------------------------------------------------------

Hold Paths: TS_sys_clk_pin = PERIOD TIMEGRP "sys_clk_pin" 100 MHz HIGH 50%;
--------------------------------------------------------------------------------

Paths for end point XLXI_139/div_clk_1 (SLICE_X26Y24.B5), 1 path
--------------------------------------------------------------------------------
Slack (hold path):      0.529ns (requirement - (clock path skew + uncertainty - data path))
  Source:               XLXI_139/div_clk_1 (FF)
  Destination:          XLXI_139/div_clk_1 (FF)
  Requirement:          0.000ns
  Data Path Delay:      0.529ns (Levels of Logic = 1)
  Clock Path Skew:      0.000ns
  Source Clock:         XLXN_198 rising at 10.000ns
  Destination Clock:    XLXN_198 rising at 10.000ns
  Clock Uncertainty:    0.000ns

  Minimum Data Path at Fast Process Corner: XLXI_139/div_clk_1 to XLXI_139/div_clk_1
    Location             Delay type         Delay(ns)  Physical Resource
                                                       Logical Resource(s)
    -------------------------------------------------  -------------------
    SLICE_X26Y24.BQ      Tcko                  0.234   XLXI_139/div_clk<3>
                                                       XLXI_139/div_clk_1
    SLICE_X26Y24.B5      net (fanout=1)        0.058   XLXI_139/div_clk<1>
    SLICE_X26Y24.CLK     Tah         (-Th)    -0.237   XLXI_139/div_clk<3>
                                                       XLXI_139/div_clk<1>_rt
                                                       XLXI_139/Mcount_div_clk_cy<3>
                                                       XLXI_139/div_clk_1
    -------------------------------------------------  ---------------------------
    Total                                      0.529ns (0.471ns logic, 0.058ns route)
                                                       (89.0% logic, 11.0% route)

--------------------------------------------------------------------------------

Paths for end point XLXI_139/div_clk_5 (SLICE_X26Y25.B5), 1 path
--------------------------------------------------------------------------------
Slack (hold path):      0.529ns (requirement - (clock path skew + uncertainty - data path))
  Source:               XLXI_139/div_clk_5 (FF)
  Destination:          XLXI_139/div_clk_5 (FF)
  Requirement:          0.000ns
  Data Path Delay:      0.529ns (Levels of Logic = 1)
  Clock Path Skew:      0.000ns
  Source Clock:         XLXN_198 rising at 10.000ns
  Destination Clock:    XLXN_198 rising at 10.000ns
  Clock Uncertainty:    0.000ns

  Minimum Data Path at Fast Process Corner: XLXI_139/div_clk_5 to XLXI_139/div_clk_5
    Location             Delay type         Delay(ns)  Physical Resource
                                                       Logical Resource(s)
    -------------------------------------------------  -------------------
    SLICE_X26Y25.BQ      Tcko                  0.234   XLXI_139/div_clk<7>
                                                       XLXI_139/div_clk_5
    SLICE_X26Y25.B5      net (fanout=1)        0.058   XLXI_139/div_clk<5>
    SLICE_X26Y25.CLK     Tah         (-Th)    -0.237   XLXI_139/div_clk<7>
                                                       XLXI_139/div_clk<5>_rt
                                                       XLXI_139/Mcount_div_clk_cy<7>
                                                       XLXI_139/div_clk_5
    -------------------------------------------------  ---------------------------
    Total                                      0.529ns (0.471ns logic, 0.058ns route)
                                                       (89.0% logic, 11.0% route)

--------------------------------------------------------------------------------

Paths for end point XLXI_139/div_clk_9 (SLICE_X26Y26.B5), 1 path
--------------------------------------------------------------------------------
Slack (hold path):      0.529ns (requirement - (clock path skew + uncertainty - data path))
  Source:               XLXI_139/div_clk_9 (FF)
  Destination:          XLXI_139/div_clk_9 (FF)
  Requirement:          0.000ns
  Data Path Delay:      0.529ns (Levels of Logic = 1)
  Clock Path Skew:      0.000ns
  Source Clock:         XLXN_198 rising at 10.000ns
  Destination Clock:    XLXN_198 rising at 10.000ns
  Clock Uncertainty:    0.000ns

  Minimum Data Path at Fast Process Corner: XLXI_139/div_clk_9 to XLXI_139/div_clk_9
    Location             Delay type         Delay(ns)  Physical Resource
                                                       Logical Resource(s)
    -------------------------------------------------  -------------------
    SLICE_X26Y26.BQ      Tcko                  0.234   XLXI_139/div_clk<11>
                                                       XLXI_139/div_clk_9
    SLICE_X26Y26.B5      net (fanout=1)        0.058   XLXI_139/div_clk<9>
    SLICE_X26Y26.CLK     Tah         (-Th)    -0.237   XLXI_139/div_clk<11>
                                                       XLXI_139/div_clk<9>_rt
                                                       XLXI_139/Mcount_div_clk_cy<11>
                                                       XLXI_139/div_clk_9
    -------------------------------------------------  ---------------------------
    Total                                      0.529ns (0.471ns logic, 0.058ns route)
                                                       (89.0% logic, 11.0% route)

--------------------------------------------------------------------------------

Component Switching Limit Checks: TS_sys_clk_pin = PERIOD TIMEGRP "sys_clk_pin" 100 MHz HIGH 50%;
--------------------------------------------------------------------------------
Slack: 8.270ns (period - min period limit)
  Period: 10.000ns
  Min period limit: 1.730ns (578.035MHz) (Tbcper_I)
  Physical resource: XLXI_142/I0
  Logical resource: XLXI_142/I0
  Location pin: BUFGMUX_X3Y13.I0
  Clock network: ClkPort_IBUFG
--------------------------------------------------------------------------------
Slack: 9.594ns (period - (min high pulse limit / (high pulse / period)))
  Period: 10.000ns
  High pulse: 5.000ns
  High pulse limit: 0.203ns (Trpw)
  Physical resource: XLXI_139/div_clk<3>/SR
  Logical resource: XLXI_139/div_clk_0/SR
  Location pin: SLICE_X26Y24.SR
  Clock network: reset
--------------------------------------------------------------------------------
Slack: 9.594ns (period - (min high pulse limit / (high pulse / period)))
  Period: 10.000ns
  High pulse: 5.000ns
  High pulse limit: 0.203ns (Trpw)
  Physical resource: XLXI_139/div_clk<3>/SR
  Logical resource: XLXI_139/div_clk_1/SR
  Location pin: SLICE_X26Y24.SR
  Clock network: reset
--------------------------------------------------------------------------------


All constraints were met.


Data Sheet report:
-----------------
All values displayed in nanoseconds (ns)

Clock to Setup on destination clock ClkPort
---------------+---------+---------+---------+---------+
               | Src:Rise| Src:Fall| Src:Rise| Src:Fall|
Source Clock   |Dest:Rise|Dest:Rise|Dest:Fall|Dest:Fall|
---------------+---------+---------+---------+---------+
ClkPort        |    1.950|         |         |         |
---------------+---------+---------+---------+---------+


Timing summary:
---------------

Timing errors: 0  Score: 0  (Setup/Max: 0, Hold: 0)

Constraints cover 351 paths, 0 nets, and 40 connections

Design statistics:
   Minimum period:   1.950ns{1}   (Maximum frequency: 512.820MHz)


------------------------------------Footnotes-----------------------------------
1)  The minimum period statistic assumes all single cycle delays.

Analysis completed Fri Jan 31 15:03:31 2014 
--------------------------------------------------------------------------------

Trace Settings:
-------------------------
Trace Settings 

Peak Memory Usage: 207 MB



